<?xml version="1.0" encoding="UTF-8"?>
<testng-results skipped="0" failed="0" ignored="0" total="2" passed="2">
  <reporter-output>
  </reporter-output>
  <suite name="Default suite" duration-ms="5461" started-at="2019-07-08T15:58:47Z" finished-at="2019-07-08T15:58:52Z">
    <groups>
    </groups>
    <test name="Default test" duration-ms="5461" started-at="2019-07-08T15:58:47Z" finished-at="2019-07-08T15:58:52Z">
      <class name="getRequest.GetData">
        <test-method status="PASS" signature="testbody()[pri:0, instance:getRequest.GetData@18be83e4]" name="testbody" duration-ms="5042" started-at="2019-07-08T15:58:47Z" finished-at="2019-07-08T15:58:52Z">
          <reporter-output>
          </reporter-output>
        </test-method> <!-- testbody -->
        <test-method status="PASS" signature="testresponsecode()[pri:0, instance:getRequest.GetData@18be83e4]" name="testresponsecode" duration-ms="359" started-at="2019-07-08T15:58:52Z" finished-at="2019-07-08T15:58:52Z">
          <reporter-output>
          </reporter-output>
        </test-method> <!-- testresponsecode -->
      </class> <!-- getRequest.GetData -->
    </test> <!-- Default test -->
  </suite> <!-- Default suite -->
</testng-results>
